#
# A fatal error has been detected by the Java Runtime Environment:
#
#  Internal Error (javaClasses.cpp:126), pid=8458, tid=139702006105856
#  fatal error: Invalid layout of preloaded class
#
# JRE version:  (8.0_31-b13) (build )
# Java VM: Java HotSpot(TM) 64-Bit Server VM (25.31-b07 mixed mode linux-amd64 compressed oops)
# Failed to write core dump. Core dumps have been disabled. To enable core dumping, try "ulimit -c unlimited" before starting Java again
#
# If you would like to submit a bug report, please visit:
#   http://bugreport.java.com/bugreport/crash.jsp
#

---------------  T H R E A D  ---------------

Current thread (0x00007f0ee000a000):  JavaThread "Unknown thread" [_thread_in_vm, id=8463, stack(0x00007f0ee862c000,0x00007f0ee872d000)]

Stack: [0x00007f0ee862c000,0x00007f0ee872d000],  sp=0x00007f0ee872b810,  free space=1022k
Native frames: (J=compiled Java code, j=interpreted, Vv=VM code, C=native code)
V  [libjvm.so+0xa79e0a]  VMError::report_and_die()+0x2ca
V  [libjvm.so+0x4e5269]  report_fatal(char const*, int, char const*)+0x59
V  [libjvm.so+0x66ddbb]  compute_offset(int&, Klass*, Symbol*, Symbol*, bool)+0x20b
V  [libjvm.so+0x66eb59]  java_lang_String::compute_offsets()+0x39
V  [libjvm.so+0x9f64c6]  SystemDictionary::initialize_preloaded_classes(Thread*)+0x86
V  [libjvm.so+0xa44d6c]  Universe::genesis(Thread*)+0x3cc
V  [libjvm.so+0xa4501c]  universe2_init()+0x2c
V  [libjvm.so+0x61292d]  init_globals()+0xbd
V  [libjvm.so+0xa2bdbd]  Threads::create_vm(JavaVMInitArgs*, bool*)+0x24d
V  [libjvm.so+0x6a9b34]  JNI_CreateJavaVM+0x74
C  [libjli.so+0x736e]  JavaMain+0x9e
C  [libpthread.so.0+0x8182]  start_thread+0xc2


---------------  P R O C E S S  ---------------

Java Threads: ( => current thread )

Other Threads:

=>0x00007f0ee000a000 (exited) JavaThread "Unknown thread" [_thread_in_vm, id=8463, stack(0x00007f0ee862c000,0x00007f0ee872d000)]

VM state:not at safepoint (not fully initialized)

VM Mutex/Monitor currently owned by a thread: None

GC Heap History (0 events):
No events

Deoptimization events (0 events):
No events

Internal exceptions (0 events):
No events

Events (10 events):
Event: 0.369 loading class java/lang/CharSequence done
Event: 0.370 loading class java/lang/String done
Event: 0.370 loading class java/lang/Class
Event: 0.370 loading class java/lang/reflect/AnnotatedElement
Event: 0.370 loading class java/lang/reflect/AnnotatedElement done
Event: 0.370 loading class java/lang/reflect/GenericDeclaration
Event: 0.370 loading class java/lang/reflect/GenericDeclaration done
Event: 0.370 loading class java/lang/reflect/Type
Event: 0.370 loading class java/lang/reflect/Type done
Event: 0.370 loading class java/lang/Class done


Dynamic libraries:
00400000-00401000 r-xp 00000000 08:01 1588746                            /usr/lib/jvm/java-8-oracle/bin/java
00600000-00601000 rw-p 00000000 08:01 1588746                            /usr/lib/jvm/java-8-oracle/bin/java
01e83000-01ea4000 rw-p 00000000 00:00 0                                  [heap]
c4c00000-c7400000 rw-p 00000000 00:00 0 
c7400000-ec400000 ---p 00000000 00:00 0 
ec400000-ed800000 rw-p 00000000 00:00 0 
ed800000-100000000 ---p 00000000 00:00 0 
100000000-100060000 rw-p 00000000 00:00 0 
100060000-140000000 ---p 00000000 00:00 0 
7f0eb4000000-7f0eb4021000 rw-p 00000000 00:00 0 
7f0eb4021000-7f0eb8000000 ---p 00000000 00:00 0 
7f0ebc000000-7f0ebc021000 rw-p 00000000 00:00 0 
7f0ebc021000-7f0ec0000000 ---p 00000000 00:00 0 
7f0ec4000000-7f0ec4021000 rw-p 00000000 00:00 0 
7f0ec4021000-7f0ec8000000 ---p 00000000 00:00 0 
7f0eca260000-7f0ecc000000 rw-p 00000000 00:00 0 
7f0ecc000000-7f0ecc021000 rw-p 00000000 00:00 0 
7f0ecc021000-7f0ed0000000 ---p 00000000 00:00 0 
7f0ed0e76000-7f0ed1000000 rw-p 00000000 00:00 0 
7f0ed1000000-7f0ed1270000 rwxp 00000000 00:00 0 
7f0ed1270000-7f0ee0000000 ---p 00000000 00:00 0 
7f0ee0000000-7f0ee005e000 rw-p 00000000 00:00 0 
7f0ee005e000-7f0ee4000000 ---p 00000000 00:00 0 
7f0ee40fa000-7f0ee41e6000 rw-p 00000000 00:00 0 
7f0ee41e6000-7f0ee42dc000 r--s 017b0000 08:01 10093172                   /home/imrokraft/android-sdk/platforms/android-21/android.jar
7f0ee42dc000-7f0ee4752000 rw-p 00000000 00:00 0 
7f0ee4752000-7f0ee4b52000 ---p 00000000 00:00 0 
7f0ee4b52000-7f0ee4d2c000 rw-p 00000000 00:00 0 
7f0ee4d2c000-7f0ee4d2d000 ---p 00000000 00:00 0 
7f0ee4d2d000-7f0ee4e2d000 rw-p 00000000 00:00 0                          [stack:8467]
7f0ee4e2d000-7f0ee4e2e000 ---p 00000000 00:00 0 
7f0ee4e2e000-7f0ee4f2e000 rw-p 00000000 00:00 0                          [stack:8466]
7f0ee4f2e000-7f0ee4f2f000 ---p 00000000 00:00 0 
7f0ee4f2f000-7f0ee502f000 rw-p 00000000 00:00 0                          [stack:8465]
7f0ee502f000-7f0ee5030000 ---p 00000000 00:00 0 
7f0ee5030000-7f0ee5144000 rw-p 00000000 00:00 0                          [stack:8464]
7f0ee5144000-7f0ee526c000 ---p 00000000 00:00 0 
7f0ee526c000-7f0ee5280000 rw-p 00000000 00:00 0 
7f0ee5280000-7f0ee53a8000 ---p 00000000 00:00 0 
7f0ee53a8000-7f0ee53b2000 rw-p 00000000 00:00 0 
7f0ee53b2000-7f0ee5446000 ---p 00000000 00:00 0 
7f0ee5446000-7f0ee5451000 rw-p 00000000 00:00 0 
7f0ee5451000-7f0ee5807000 ---p 00000000 00:00 0 
7f0ee5807000-7f0ee5821000 r-xp 00000000 08:01 1446054                    /usr/lib/jvm/java-8-oracle/jre/lib/amd64/libzip.so
7f0ee5821000-7f0ee5a21000 ---p 0001a000 08:01 1446054                    /usr/lib/jvm/java-8-oracle/jre/lib/amd64/libzip.so
7f0ee5a21000-7f0ee5a22000 rw-p 0001a000 08:01 1446054                    /usr/lib/jvm/java-8-oracle/jre/lib/amd64/libzip.so
7f0ee5a22000-7f0ee5a2d000 r-xp 00000000 08:01 3675779                    /lib/x86_64-linux-gnu/libnss_files-2.19.so
7f0ee5a2d000-7f0ee5c2c000 ---p 0000b000 08:01 3675779                    /lib/x86_64-linux-gnu/libnss_files-2.19.so
7f0ee5c2c000-7f0ee5c2d000 r--p 0000a000 08:01 3675779                    /lib/x86_64-linux-gnu/libnss_files-2.19.so
7f0ee5c2d000-7f0ee5c2e000 rw-p 0000b000 08:01 3675779                    /lib/x86_64-linux-gnu/libnss_files-2.19.so
7f0ee5c2e000-7f0ee5c39000 r-xp 00000000 08:01 3675799                    /lib/x86_64-linux-gnu/libnss_nis-2.19.so
7f0ee5c39000-7f0ee5e38000 ---p 0000b000 08:01 3675799                    /lib/x86_64-linux-gnu/libnss_nis-2.19.so
7f0ee5e38000-7f0ee5e39000 r--p 0000a000 08:01 3675799                    /lib/x86_64-linux-gnu/libnss_nis-2.19.so
7f0ee5e39000-7f0ee5e3a000 rw-p 0000b000 08:01 3675799                    /lib/x86_64-linux-gnu/libnss_nis-2.19.so
7f0ee5e3a000-7f0ee5e51000 r-xp 00000000 08:01 3675788                    /lib/x86_64-linux-gnu/libnsl-2.19.so
7f0ee5e51000-7f0ee6050000 ---p 00017000 08:01 3675788                    /lib/x86_64-linux-gnu/libnsl-2.19.so
7f0ee6050000-7f0ee6051000 r--p 00016000 08:01 3675788                    /lib/x86_64-linux-gnu/libnsl-2.19.so
7f0ee6051000-7f0ee6052000 rw-p 00017000 08:01 3675788                    /lib/x86_64-linux-gnu/libnsl-2.19.so
7f0ee6052000-7f0ee6054000 rw-p 00000000 00:00 0 
7f0ee6054000-7f0ee605d000 r-xp 00000000 08:01 3675787                    /lib/x86_64-linux-gnu/libnss_compat-2.19.so
7f0ee605d000-7f0ee625c000 ---p 00009000 08:01 3675787                    /lib/x86_64-linux-gnu/libnss_compat-2.19.so
7f0ee625c000-7f0ee625d000 r--p 00008000 08:01 3675787                    /lib/x86_64-linux-gnu/libnss_compat-2.19.so
7f0ee625d000-7f0ee625e000 rw-p 00009000 08:01 3675787                    /lib/x86_64-linux-gnu/libnss_compat-2.19.so
7f0ee625e000-7f0ee6288000 r-xp 00000000 08:01 1446081                    /usr/lib/jvm/java-8-oracle/jre/lib/amd64/libjava.so
7f0ee6288000-7f0ee6488000 ---p 0002a000 08:01 1446081                    /usr/lib/jvm/java-8-oracle/jre/lib/amd64/libjava.so
7f0ee6488000-7f0ee648a000 rw-p 0002a000 08:01 1446081                    /usr/lib/jvm/java-8-oracle/jre/lib/amd64/libjava.so
7f0ee648a000-7f0ee6497000 r-xp 00000000 08:01 1446075                    /usr/lib/jvm/java-8-oracle/jre/lib/amd64/libverify.so
7f0ee6497000-7f0ee6697000 ---p 0000d000 08:01 1446075                    /usr/lib/jvm/java-8-oracle/jre/lib/amd64/libverify.so
7f0ee6697000-7f0ee6699000 rw-p 0000d000 08:01 1446075                    /usr/lib/jvm/java-8-oracle/jre/lib/amd64/libverify.so
7f0ee6699000-7f0ee66a0000 r-xp 00000000 08:01 3675796                    /lib/x86_64-linux-gnu/librt-2.19.so
7f0ee66a0000-7f0ee689f000 ---p 00007000 08:01 3675796                    /lib/x86_64-linux-gnu/librt-2.19.so
7f0ee689f000-7f0ee68a0000 r--p 00006000 08:01 3675796                    /lib/x86_64-linux-gnu/librt-2.19.so
7f0ee68a0000-7f0ee68a1000 rw-p 00007000 08:01 3675796                    /lib/x86_64-linux-gnu/librt-2.19.so
7f0ee68a1000-7f0ee69a6000 r-xp 00000000 08:01 3675778                    /lib/x86_64-linux-gnu/libm-2.19.so
7f0ee69a6000-7f0ee6ba5000 ---p 00105000 08:01 3675778                    /lib/x86_64-linux-gnu/libm-2.19.so
7f0ee6ba5000-7f0ee6ba6000 r--p 00104000 08:01 3675778                    /lib/x86_64-linux-gnu/libm-2.19.so
7f0ee6ba6000-7f0ee6ba7000 rw-p 00105000 08:01 3675778                    /lib/x86_64-linux-gnu/libm-2.19.so
7f0ee6ba7000-7f0ee7815000 r-xp 00000000 08:01 1446042                    /usr/lib/jvm/java-8-oracle/jre/lib/amd64/server/libjvm.so
7f0ee7815000-7f0ee7a14000 ---p 00c6e000 08:01 1446042                    /usr/lib/jvm/java-8-oracle/jre/lib/amd64/server/libjvm.so
7f0ee7a14000-7f0ee7aea000 rw-p 00c6d000 08:01 1446042                    /usr/lib/jvm/java-8-oracle/jre/lib/amd64/server/libjvm.so
7f0ee7aea000-7f0ee7b2d000 rw-p 00000000 00:00 0 
7f0ee7b2d000-7f0ee7ce8000 r-xp 00000000 08:01 3675793                    /lib/x86_64-linux-gnu/libc-2.19.so
7f0ee7ce8000-7f0ee7ee7000 ---p 001bb000 08:01 3675793                    /lib/x86_64-linux-gnu/libc-2.19.so
7f0ee7ee7000-7f0ee7eeb000 r--p 001ba000 08:01 3675793                    /lib/x86_64-linux-gnu/libc-2.19.so
7f0ee7eeb000-7f0ee7eed000 rw-p 001be000 08:01 3675793                    /lib/x86_64-linux-gnu/libc-2.19.so
7f0ee7eed000-7f0ee7ef2000 rw-p 00000000 00:00 0 
7f0ee7ef2000-7f0ee7ef5000 r-xp 00000000 08:01 3675782                    /lib/x86_64-linux-gnu/libdl-2.19.so
7f0ee7ef5000-7f0ee80f4000 ---p 00003000 08:01 3675782                    /lib/x86_64-linux-gnu/libdl-2.19.so
7f0ee80f4000-7f0ee80f5000 r--p 00002000 08:01 3675782                    /lib/x86_64-linux-gnu/libdl-2.19.so
7f0ee80f5000-7f0ee80f6000 rw-p 00003000 08:01 3675782                    /lib/x86_64-linux-gnu/libdl-2.19.so
7f0ee80f6000-7f0ee810b000 r-xp 00000000 08:01 1711392                    /usr/lib/jvm/java-8-oracle/lib/amd64/jli/libjli.so
7f0ee810b000-7f0ee830a000 ---p 00015000 08:01 1711392                    /usr/lib/jvm/java-8-oracle/lib/amd64/jli/libjli.so
7f0ee830a000-7f0ee830b000 rw-p 00014000 08:01 1711392                    /usr/lib/jvm/java-8-oracle/lib/amd64/jli/libjli.so
7f0ee830b000-7f0ee8324000 r-xp 00000000 08:01 3675794                    /lib/x86_64-linux-gnu/libpthread-2.19.so
7f0ee8324000-7f0ee8523000 ---p 00019000 08:01 3675794                    /lib/x86_64-linux-gnu/libpthread-2.19.so
7f0ee8523000-7f0ee8524000 r--p 00018000 08:01 3675794                    /lib/x86_64-linux-gnu/libpthread-2.19.so
7f0ee8524000-7f0ee8525000 rw-p 00019000 08:01 3675794                    /lib/x86_64-linux-gnu/libpthread-2.19.so
7f0ee8525000-7f0ee8529000 rw-p 00000000 00:00 0 
7f0ee8529000-7f0ee854c000 r-xp 00000000 08:01 3675790                    /lib/x86_64-linux-gnu/ld-2.19.so
7f0ee856b000-7f0ee862c000 rw-p 00000000 00:00 0 
7f0ee862c000-7f0ee862f000 ---p 00000000 00:00 0 
7f0ee862f000-7f0ee8731000 rw-p 00000000 00:00 0                          [stack:8463]
7f0ee873c000-7f0ee873f000 rw-p 00000000 00:00 0 
7f0ee873f000-7f0ee8747000 rw-s 00000000 08:01 11144109                   /tmp/hsperfdata_imrokraft/8458
7f0ee8747000-7f0ee8748000 rw-p 00000000 00:00 0 
7f0ee8748000-7f0ee8749000 r--p 00000000 00:00 0 
7f0ee8749000-7f0ee874b000 rw-p 00000000 00:00 0 
7f0ee874b000-7f0ee874c000 r--p 00022000 08:01 3675790                    /lib/x86_64-linux-gnu/ld-2.19.so
7f0ee874c000-7f0ee874d000 rw-p 00023000 08:01 3675790                    /lib/x86_64-linux-gnu/ld-2.19.so
7f0ee874d000-7f0ee874e000 rw-p 00000000 00:00 0 
7fff9c629000-7fff9c64a000 rw-p 00000000 00:00 0                          [stack]
7fff9c6d7000-7fff9c6d9000 r-xp 00000000 00:00 0                          [vdso]
ffffffffff600000-ffffffffff601000 r-xp 00000000 00:00 0                  [vsyscall]

VM Arguments:
jvm_args: -Dfile.encoding=UTF-8 -Xbootclasspath:/home/imrokraft/android-sdk/platforms/android-21/android.jar 
java_command: com.example.copyfile.MainActivity
java_class_path (initial): /home/imrokraft/Android Trainees/Sajna/workspace/CopyFile/bin/classes:/home/imrokraft/Android Trainees/Sajna/workspace/CopyFile/libs/android-support-v4.jar:/home/imrokraft/Android Trainees/Sajna/workspace/appcompat_v7/libs/android-support-v7-appcompat.jar:/home/imrokraft/Android Trainees/Sajna/workspace/appcompat_v7/bin/appcompat_v7.jar
Launcher Type: SUN_STANDARD

Environment Variables:
JAVA_HOME=/usr/lib/jvm/java-8-oracle
PATH=/usr/local/sbin:/usr/local/bin:/usr/sbin:/usr/bin:/sbin:/bin:/usr/games:/usr/local/games:/usr/lib/jvm/java-8-oracle/bin:/usr/lib/jvm/java-8-oracle/db/bin:/usr/lib/jvm/java-8-oracle/jre/bin
SHELL=/bin/bash
DISPLAY=:0.0

Signal Handlers:
SIGSEGV: [libjvm.so+0xa7a650], sa_mask[0]=11111111011111111101111111111110, sa_flags=SA_RESTART|SA_SIGINFO
SIGBUS: [libjvm.so+0xa7a650], sa_mask[0]=11111111011111111101111111111110, sa_flags=SA_RESTART|SA_SIGINFO
SIGFPE: [libjvm.so+0x8e28f0], sa_mask[0]=11111111011111111101111111111110, sa_flags=SA_RESTART|SA_SIGINFO
SIGPIPE: [libjvm.so+0x8e28f0], sa_mask[0]=11111111011111111101111111111110, sa_flags=SA_RESTART|SA_SIGINFO
SIGXFSZ: [libjvm.so+0x8e28f0], sa_mask[0]=11111111011111111101111111111110, sa_flags=SA_RESTART|SA_SIGINFO
SIGILL: [libjvm.so+0x8e28f0], sa_mask[0]=11111111011111111101111111111110, sa_flags=SA_RESTART|SA_SIGINFO
SIGUSR1: SIG_DFL, sa_mask[0]=00000000000000000000000000000000, sa_flags=none
SIGUSR2: [libjvm.so+0x8e4120], sa_mask[0]=00100000000000000000000000000000, sa_flags=SA_RESTART|SA_SIGINFO
SIGHUP: SIG_DFL, sa_mask[0]=00000000000000000000000000000000, sa_flags=none
SIGINT: SIG_DFL, sa_mask[0]=00000000000000000000000000000000, sa_flags=none
SIGTERM: SIG_DFL, sa_mask[0]=00000000000000000000000000000000, sa_flags=none
SIGQUIT: SIG_DFL, sa_mask[0]=00000000000000000000000000000000, sa_flags=none


---------------  S Y S T E M  ---------------

OS:DISTRIB_ID=Ubuntu
DISTRIB_RELEASE=14.04
DISTRIB_CODENAME=trusty
DISTRIB_DESCRIPTION="Ubuntu 14.04.2 LTS"

uname:Linux 3.13.0-45-generic #74-Ubuntu SMP Tue Jan 13 19:36:28 UTC 2015 x86_64
libc:glibc 2.19 NPTL 2.19 
rlimit: STACK 8192k, CORE 0k, NPROC 30126, NOFILE 4096, AS infinity
load average:0.50 0.34 0.35

/proc/meminfo:
MemTotal:        3877784 kB
MemFree:          141732 kB
Buffers:           31176 kB
Cached:           706276 kB
SwapCached:         9992 kB
Active:          2086580 kB
Inactive:         691672 kB
Active(anon):    1996744 kB
Inactive(anon):   611252 kB
Active(file):      89836 kB
Inactive(file):    80420 kB
Unevictable:          32 kB
Mlocked:              32 kB
SwapTotal:       4020220 kB
SwapFree:        3828560 kB
Dirty:               128 kB
Writeback:             0 kB
AnonPages:       2035744 kB
Mapped:          1013548 kB
Shmem:            566460 kB
Slab:             112108 kB
SReclaimable:      75532 kB
SUnreclaim:        36576 kB
KernelStack:        4328 kB
PageTables:        34280 kB
NFS_Unstable:          0 kB
Bounce:                0 kB
WritebackTmp:          0 kB
CommitLimit:     5959112 kB
Committed_AS:    7081172 kB
VmallocTotal:   34359738367 kB
VmallocUsed:      350340 kB
VmallocChunk:   34359379460 kB
HardwareCorrupted:     0 kB
AnonHugePages:    870400 kB
HugePages_Total:       0
HugePages_Free:        0
HugePages_Rsvd:        0
HugePages_Surp:        0
Hugepagesize:       2048 kB
DirectMap4k:       82160 kB
DirectMap2M:     3940352 kB


CPU:total 4 (2 cores per cpu, 2 threads per core) family 6 model 42 stepping 7, cmov, cx8, fxsr, mmx, sse, sse2, sse3, ssse3, sse4.1, sse4.2, popcnt, avx, clmul, ht, tsc, tscinvbit

/proc/cpuinfo:
processor	: 0
vendor_id	: GenuineIntel
cpu family	: 6
model		: 42
model name	: Intel(R) Core(TM) i3-2100 CPU @ 3.10GHz
stepping	: 7
microcode	: 0x29
cpu MHz		: 1600.000
cache size	: 3072 KB
physical id	: 0
siblings	: 4
core id		: 0
cpu cores	: 2
apicid		: 0
initial apicid	: 0
fpu		: yes
fpu_exception	: yes
cpuid level	: 13
wp		: yes
flags		: fpu vme de pse tsc msr pae mce cx8 apic sep mtrr pge mca cmov pat pse36 clflush dts acpi mmx fxsr sse sse2 ss ht tm pbe syscall nx rdtscp lm constant_tsc arch_perfmon pebs bts rep_good nopl xtopology nonstop_tsc aperfmperf eagerfpu pni pclmulqdq dtes64 monitor ds_cpl vmx est tm2 ssse3 cx16 xtpr pdcm pcid sse4_1 sse4_2 popcnt tsc_deadline_timer xsave avx lahf_lm arat epb xsaveopt pln pts dtherm tpr_shadow vnmi flexpriority ept vpid
bogomips	: 6185.47
clflush size	: 64
cache_alignment	: 64
address sizes	: 36 bits physical, 48 bits virtual
power management:

processor	: 1
vendor_id	: GenuineIntel
cpu family	: 6
model		: 42
model name	: Intel(R) Core(TM) i3-2100 CPU @ 3.10GHz
stepping	: 7
microcode	: 0x29
cpu MHz		: 1600.000
cache size	: 3072 KB
physical id	: 0
siblings	: 4
core id		: 1
cpu cores	: 2
apicid		: 2
initial apicid	: 2
fpu		: yes
fpu_exception	: yes
cpuid level	: 13
wp		: yes
flags		: fpu vme de pse tsc msr pae mce cx8 apic sep mtrr pge mca cmov pat pse36 clflush dts acpi mmx fxsr sse sse2 ss ht tm pbe syscall nx rdtscp lm constant_tsc arch_perfmon pebs bts rep_good nopl xtopology nonstop_tsc aperfmperf eagerfpu pni pclmulqdq dtes64 monitor ds_cpl vmx est tm2 ssse3 cx16 xtpr pdcm pcid sse4_1 sse4_2 popcnt tsc_deadline_timer xsave avx lahf_lm arat epb xsaveopt pln pts dtherm tpr_shadow vnmi flexpriority ept vpid
bogomips	: 6185.47
clflush size	: 64
cache_alignment	: 64
address sizes	: 36 bits physical, 48 bits virtual
power management:

processor	: 2
vendor_id	: GenuineIntel
cpu family	: 6
model		: 42
model name	: Intel(R) Core(TM) i3-2100 CPU @ 3.10GHz
stepping	: 7
microcode	: 0x29
cpu MHz		: 1600.000
cache size	: 3072 KB
physical id	: 0
siblings	: 4
core id		: 0
cpu cores	: 2
apicid		: 1
initial apicid	: 1
fpu		: yes
fpu_exception	: yes
cpuid level	: 13
wp		: yes
flags		: fpu vme de pse tsc msr pae mce cx8 apic sep mtrr pge mca cmov pat pse36 clflush dts acpi mmx fxsr sse sse2 ss ht tm pbe syscall nx rdtscp lm constant_tsc arch_perfmon pebs bts rep_good nopl xtopology nonstop_tsc aperfmperf eagerfpu pni pclmulqdq dtes64 monitor ds_cpl vmx est tm2 ssse3 cx16 xtpr pdcm pcid sse4_1 sse4_2 popcnt tsc_deadline_timer xsave avx lahf_lm arat epb xsaveopt pln pts dtherm tpr_shadow vnmi flexpriority ept vpid
bogomips	: 6185.47
clflush size	: 64
cache_alignment	: 64
address sizes	: 36 bits physical, 48 bits virtual
power management:

processor	: 3
vendor_id	: GenuineIntel
cpu family	: 6
model		: 42
model name	: Intel(R) Core(TM) i3-2100 CPU @ 3.10GHz
stepping	: 7
microcode	: 0x29
cpu MHz		: 1600.000
cache size	: 3072 KB
physical id	: 0
siblings	: 4
core id		: 1
cpu cores	: 2
apicid		: 3
initial apicid	: 3
fpu		: yes
fpu_exception	: yes
cpuid level	: 13
wp		: yes
flags		: fpu vme de pse tsc msr pae mce cx8 apic sep mtrr pge mca cmov pat pse36 clflush dts acpi mmx fxsr sse sse2 ss ht tm pbe syscall nx rdtscp lm constant_tsc arch_perfmon pebs bts rep_good nopl xtopology nonstop_tsc aperfmperf eagerfpu pni pclmulqdq dtes64 monitor ds_cpl vmx est tm2 ssse3 cx16 xtpr pdcm pcid sse4_1 sse4_2 popcnt tsc_deadline_timer xsave avx lahf_lm arat epb xsaveopt pln pts dtherm tpr_shadow vnmi flexpriority ept vpid
bogomips	: 6185.47
clflush size	: 64
cache_alignment	: 64
address sizes	: 36 bits physical, 48 bits virtual
power management:



Memory: 4k page, physical 3877784k(141732k free), swap 4020220k(3828560k free)

vm_info: Java HotSpot(TM) 64-Bit Server VM (25.31-b07) for linux-amd64 JRE (1.8.0_31-b13), built on Dec 17 2014 20:40:15 by "java_re" with gcc 4.3.0 20080428 (Red Hat 4.3.0-8)

time: Wed Apr 22 12:26:49 2015
elapsed time: 0 seconds (0d 0h 0m 0s)

